*** BCVTB client log file.
*************************.
Writing to socket at time = 7.776000e+06
Assembling buffer.
Write to socket with fd = 16
Buffer        = 1 0 85 0 0 7.776000000000000e+06 2.550000000000000e+01 5.000000000000000e+01 0.000000000000000e+00 2.612794880358518e+01 5.229316470984548e+01 1.649142836847479e-01 0.000000000000000e+00 0.000000000000000e+00 2.627920853109080e+01 5.166755685830496e+01 2.247148698422606e-01 0.000000000000000e+00 0.000000000000000e+00 2.680908658360852e+01 4.844355264179320e+01 3.965461282893762e-01 0.000000000000000e+00 0.000000000000000e+00 2.713715601986669e+01 5.268850316590508e+01 5.384590917237992e-01 0.000000000000000e+00 0.000000000000000e+00 2.593717998449695e+01 5.821991106197019e+01 1.111682022006587e-01 0.000000000000000e+00 0.000000000000000e+00 2.647415754129445e+01 5.939706740057880e+01 3.067417545576382e-01 0.000000000000000e+00 0.000000000000000e+00 2.594635389125884e+01 5.982110204758374e+01 1.254872874738248e-01 0.000000000000000e+00 0.000000000000000e+00 2.619878584531018e+01 5.311892028664602e+01 1.777658137739533e-01 0.000000000000000e+00 0.000000000000000e+00 2.669952751955668e+01 5.497418864435536e+01 3.606970827790341e-01 0.000000000000000e+00 0.000000000000000e+00 2.600866333619102e+01 5.458185047138559e+01 1.207300356370916e-01 0.000000000000000e+00 0.000000000000000e+00 1.000000000000000e+00 1.000000000000000e+00 1.000000000000000e+00 1.000000000000000e+00 1.000000000000000e+00 1.000000000000000e+00 1.000000000000000e+00 1.000000000000000e+00 1.000000000000000e+00 1.000000000000000e+00 2.494436785681202e+01 2.494503098090018e+01 2.500445029437498e+01 2.500912244800044e+01 2.400000000000000e+01 2.400000000000000e+01 2.400000000000000e+01 2.400000000000000e+01 2.400000000000000e+01 2.400000000000000e+01 3.600000000000000e+00 3.500000000000000e+02 2.588077947264200e+01 2.610480372832360e+01 2.674148643441339e+01 2.703068730571858e+01 2.551667057722037e+01 2.604795431265335e+01 2.551887801024616e+01 2.588165904341291e+01 2.635158224755215e+01 2.567170340007315e+01 

Wrote 1904 characters to socket.
Reading from socket.
In readbufferfromsocket: Read from buffer: 2 0 40 0 0 7775400.0 5.0 40.0 5.0 40.0 5.0 40.0 5.0 40.0 5.0 40.0 5.0 40.0 5.0 40.0 5.0 40.0 5.0 40.0 5.0 40.0 1.0 1.0 1.0 1.0 1.0 1.0 1.0 1.0 1.0 1.0 24.0 24.0 24.0 24.0 24.0 24.0 24.0 24.0 24.0 24.0 
.
Disassembling buffer.
Disassembled buffer.
Finished exchanging data with socket: simTimRea=7.775400e+06, flag=0.
Assembling buffer.
Write to socket with fd = 16
Buffer        = 1 1 

Wrote 5 characters to socket.
sendclientmessage wrote flag 1, return value = 5.
In readbufferfromsocket: Read from buffer: 2 1 40 0 0 7776000.0 5.0 40.0 5.0 40.0 5.0 40.0 5.0 40.0 5.0 40.0 5.0 40.0 5.0 40.0 5.0 40.0 5.0 40.0 5.0 40.0 1.0 1.0 1.0 1.0 1.0 1.0 1.0 1.0 1.0 1.0 24.0 24.0 24.0 24.0 24.0 24.0 24.0 24.0 24.0 24.0 
.
